  Layer.cpp
c:\users\siddharth\documents\visual studio 2015\projects\3dgameengine\3dgameengine\maths_func.h(10): warning C4244: 'return': conversion from 'double' to 'float', possible loss of data
Layer.cpp(18): warning C4018: '<': signed/unsigned mismatch
LINK : warning LNK4098: defaultlib 'LIBCMT' conflicts with use of other libs; use /NODEFAULTLIB:library
LINK : warning LNK4098: defaultlib 'MSVCRTD' conflicts with use of other libs; use /NODEFAULTLIB:library
  Generating code
  2 of 285 functions ( 0.7%) were compiled, the rest were copied from previous compilation.
    0 functions were new in current compilation
    1 functions had inline decision re-evaluated but remain unchanged
  Finished generating code
BatchRenderer.obj : warning LNK4049: locally defined symbol ___glewDeleteBuffers imported
BatchRenderer.obj : warning LNK4049: locally defined symbol ___glewGenBuffers imported
BatchRenderer.obj : warning LNK4049: locally defined symbol ___glewMapBuffer imported
BatchRenderer.obj : warning LNK4049: locally defined symbol ___glewGenVertexArrays imported
BatchRenderer.obj : warning LNK4049: locally defined symbol ___glewBufferData imported
BatchRenderer.obj : warning LNK4049: locally defined symbol ___glewUnmapBuffer imported
BatchRenderer.obj : warning LNK4049: locally defined symbol ___glewBindBuffer imported
BatchRenderer.obj : warning LNK4049: locally defined symbol ___glewVertexAttribPointer imported
BatchRenderer.obj : warning LNK4049: locally defined symbol ___glewBindVertexArray imported
BatchRenderer.obj : warning LNK4049: locally defined symbol ___glewEnableVertexAttribArray imported
Shader.obj : warning LNK4049: locally defined symbol ___glewUniform4f imported
Shader.obj : warning LNK4049: locally defined symbol ___glewLinkProgram imported
Shader.obj : warning LNK4049: locally defined symbol ___glewDeleteShader imported
Shader.obj : warning LNK4049: locally defined symbol ___glewUniform3f imported
Shader.obj : warning LNK4049: locally defined symbol ___glewUniformMatrix4fv imported
Shader.obj : warning LNK4049: locally defined symbol ___glewShaderSource imported
Shader.obj : warning LNK4049: locally defined symbol ___glewDeleteProgram imported
Shader.obj : warning LNK4049: locally defined symbol ___glewAttachShader imported
Shader.obj : warning LNK4049: locally defined symbol ___glewGetUniformLocation imported
Shader.obj : warning LNK4049: locally defined symbol ___glewUniform1f imported
Shader.obj : warning LNK4049: locally defined symbol ___glewUniform2f imported
Shader.obj : warning LNK4049: locally defined symbol ___glewValidateProgram imported
Shader.obj : warning LNK4049: locally defined symbol ___glewGetShaderInfoLog imported
Shader.obj : warning LNK4049: locally defined symbol ___glewUniform1i imported
Shader.obj : warning LNK4049: locally defined symbol ___glewCreateProgram imported
Shader.obj : warning LNK4049: locally defined symbol ___glewCreateShader imported
Shader.obj : warning LNK4049: locally defined symbol ___glewCompileShader imported
Shader.obj : warning LNK4049: locally defined symbol ___glewGetShaderiv imported
Shader.obj : warning LNK4049: locally defined symbol ___glewUseProgram imported
VertexArray.obj : warning LNK4049: locally defined symbol ___glewDeleteVertexArrays imported
glew32s.lib(glew.obj) : warning LNK4099: PDB 'vc120.pdb' was not found with 'glew32s.lib(glew.obj)' or at 'C:\Users\Siddharth\Documents\Visual Studio 2015\Projects\3DGameEngine\Release\vc120.pdb'; linking object as if no debug info
glfw3.lib(context.obj) : warning LNK4099: PDB 'glfw.pdb' was not found with 'glfw3.lib(context.obj)' or at 'C:\Users\Siddharth\Documents\Visual Studio 2015\Projects\3DGameEngine\Release\glfw.pdb'; linking object as if no debug info
glfw3.lib(init.obj) : warning LNK4099: PDB 'glfw.pdb' was not found with 'glfw3.lib(init.obj)' or at 'C:\Users\Siddharth\Documents\Visual Studio 2015\Projects\3DGameEngine\Release\glfw.pdb'; linking object as if no debug info
glfw3.lib(input.obj) : warning LNK4099: PDB 'glfw.pdb' was not found with 'glfw3.lib(input.obj)' or at 'C:\Users\Siddharth\Documents\Visual Studio 2015\Projects\3DGameEngine\Release\glfw.pdb'; linking object as if no debug info
glfw3.lib(monitor.obj) : warning LNK4099: PDB 'glfw.pdb' was not found with 'glfw3.lib(monitor.obj)' or at 'C:\Users\Siddharth\Documents\Visual Studio 2015\Projects\3DGameEngine\Release\glfw.pdb'; linking object as if no debug info
glfw3.lib(vulkan.obj) : warning LNK4099: PDB 'glfw.pdb' was not found with 'glfw3.lib(vulkan.obj)' or at 'C:\Users\Siddharth\Documents\Visual Studio 2015\Projects\3DGameEngine\Release\glfw.pdb'; linking object as if no debug info
glfw3.lib(window.obj) : warning LNK4099: PDB 'glfw.pdb' was not found with 'glfw3.lib(window.obj)' or at 'C:\Users\Siddharth\Documents\Visual Studio 2015\Projects\3DGameEngine\Release\glfw.pdb'; linking object as if no debug info
glfw3.lib(win32_init.obj) : warning LNK4099: PDB 'glfw.pdb' was not found with 'glfw3.lib(win32_init.obj)' or at 'C:\Users\Siddharth\Documents\Visual Studio 2015\Projects\3DGameEngine\Release\glfw.pdb'; linking object as if no debug info
glfw3.lib(win32_joystick.obj) : warning LNK4099: PDB 'glfw.pdb' was not found with 'glfw3.lib(win32_joystick.obj)' or at 'C:\Users\Siddharth\Documents\Visual Studio 2015\Projects\3DGameEngine\Release\glfw.pdb'; linking object as if no debug info
glfw3.lib(win32_monitor.obj) : warning LNK4099: PDB 'glfw.pdb' was not found with 'glfw3.lib(win32_monitor.obj)' or at 'C:\Users\Siddharth\Documents\Visual Studio 2015\Projects\3DGameEngine\Release\glfw.pdb'; linking object as if no debug info
glfw3.lib(win32_time.obj) : warning LNK4099: PDB 'glfw.pdb' was not found with 'glfw3.lib(win32_time.obj)' or at 'C:\Users\Siddharth\Documents\Visual Studio 2015\Projects\3DGameEngine\Release\glfw.pdb'; linking object as if no debug info
glfw3.lib(win32_tls.obj) : warning LNK4099: PDB 'glfw.pdb' was not found with 'glfw3.lib(win32_tls.obj)' or at 'C:\Users\Siddharth\Documents\Visual Studio 2015\Projects\3DGameEngine\Release\glfw.pdb'; linking object as if no debug info
glfw3.lib(win32_window.obj) : warning LNK4099: PDB 'glfw.pdb' was not found with 'glfw3.lib(win32_window.obj)' or at 'C:\Users\Siddharth\Documents\Visual Studio 2015\Projects\3DGameEngine\Release\glfw.pdb'; linking object as if no debug info
glfw3.lib(wgl_context.obj) : warning LNK4099: PDB 'glfw.pdb' was not found with 'glfw3.lib(wgl_context.obj)' or at 'C:\Users\Siddharth\Documents\Visual Studio 2015\Projects\3DGameEngine\Release\glfw.pdb'; linking object as if no debug info
glfw3.lib(egl_context.obj) : warning LNK4099: PDB 'glfw.pdb' was not found with 'glfw3.lib(egl_context.obj)' or at 'C:\Users\Siddharth\Documents\Visual Studio 2015\Projects\3DGameEngine\Release\glfw.pdb'; linking object as if no debug info
  3DGameEngine.vcxproj -> C:\Users\Siddharth\Documents\Visual Studio 2015\Projects\3DGameEngine\Release\3DGameEngine.exe
  3DGameEngine.vcxproj -> C:\Users\Siddharth\Documents\Visual Studio 2015\Projects\3DGameEngine\Release\3DGameEngine.pdb (Full PDB)
